running egg_info
writing ../../build/dynamixel_velocity_controller/dynamixel_velocity_controller.egg-info/PKG-INFO
writing dependency_links to ../../build/dynamixel_velocity_controller/dynamixel_velocity_controller.egg-info/dependency_links.txt
writing entry points to ../../build/dynamixel_velocity_controller/dynamixel_velocity_controller.egg-info/entry_points.txt
writing requirements to ../../build/dynamixel_velocity_controller/dynamixel_velocity_controller.egg-info/requires.txt
writing top-level names to ../../build/dynamixel_velocity_controller/dynamixel_velocity_controller.egg-info/top_level.txt
reading manifest file '../../build/dynamixel_velocity_controller/dynamixel_velocity_controller.egg-info/SOURCES.txt'
writing manifest file '../../build/dynamixel_velocity_controller/dynamixel_velocity_controller.egg-info/SOURCES.txt'
running build
running build_py
copying dynamixel_velocity_controller/velocity_controller.py -> /home/ubuntu/ros2_ws/build/dynamixel_velocity_controller/build/lib/dynamixel_velocity_controller
running install
running install_lib
copying /home/ubuntu/ros2_ws/build/dynamixel_velocity_controller/build/lib/dynamixel_velocity_controller/velocity_controller.py -> /home/ubuntu/ros2_ws/install/dynamixel_velocity_controller/lib/python3.10/site-packages/dynamixel_velocity_controller
byte-compiling /home/ubuntu/ros2_ws/install/dynamixel_velocity_controller/lib/python3.10/site-packages/dynamixel_velocity_controller/velocity_controller.py to velocity_controller.cpython-310.pyc
running install_data
running install_egg_info
removing '/home/ubuntu/ros2_ws/install/dynamixel_velocity_controller/lib/python3.10/site-packages/dynamixel_velocity_controller-0.0.0-py3.10.egg-info' (and everything under it)
Copying ../../build/dynamixel_velocity_controller/dynamixel_velocity_controller.egg-info to /home/ubuntu/ros2_ws/install/dynamixel_velocity_controller/lib/python3.10/site-packages/dynamixel_velocity_controller-0.0.0-py3.10.egg-info
running install_scripts
Installing velocity_controller script to /home/ubuntu/ros2_ws/install/dynamixel_velocity_controller/lib/dynamixel_velocity_controller
writing list of installed files to '/home/ubuntu/ros2_ws/build/dynamixel_velocity_controller/install.log'
