[0.490s] DEBUG:colcon:Command line arguments: ['/usr/bin/colcon', 'build', '--packages-select', 'dynamixel_velocity_controller']
[0.490s] DEBUG:colcon:Parsed command line arguments: Namespace(log_base=None, log_level=None, verb_name='build', build_base='build', install_base='install', merge_install=False, symlink_install=False, test_result_base=None, continue_on_error=False, executor='parallel', parallel_workers=4, event_handlers=None, ignore_user_meta=False, metas=['./colcon.meta'], base_paths=['.'], packages_ignore=None, packages_ignore_regex=None, paths=None, packages_up_to=None, packages_up_to_regex=None, packages_above=None, packages_above_and_dependencies=None, packages_above_depth=None, packages_select_by_dep=None, packages_skip_by_dep=None, packages_skip_up_to=None, packages_select_build_failed=False, packages_skip_build_finished=False, packages_select_test_failures=False, packages_skip_test_passed=False, packages_select=['dynamixel_velocity_controller'], packages_skip=None, packages_select_regex=None, packages_skip_regex=None, packages_start=None, packages_end=None, allow_overriding=[], cmake_args=None, cmake_target=None, cmake_target_skip_unavailable=False, cmake_clean_cache=False, cmake_clean_first=False, cmake_force_configure=False, ament_cmake_args=None, catkin_cmake_args=None, catkin_skip_building_tests=False, mixin_files=None, mixin=None, verb_parser=<colcon_mixin.mixin.mixin_argument.MixinArgumentDecorator object at 0xffffb65caa40>, verb_extension=<colcon_core.verb.build.BuildVerb object at 0xffffb676b9d0>, main=<bound method BuildVerb.main of <colcon_core.verb.build.BuildVerb object at 0xffffb676b9d0>>, mixin_verb=('build',))
[1.355s] Level 1:colcon.colcon_core.package_discovery:discover_packages(colcon_meta) check parameters
[1.356s] Level 1:colcon.colcon_core.package_discovery:discover_packages(recursive) check parameters
[1.356s] Level 1:colcon.colcon_core.package_discovery:discover_packages(ignore) check parameters
[1.356s] Level 1:colcon.colcon_core.package_discovery:discover_packages(path) check parameters
[1.356s] Level 1:colcon.colcon_core.package_discovery:discover_packages(colcon_meta) discover
[1.357s] Level 1:colcon.colcon_core.package_discovery:discover_packages(recursive) discover
[1.357s] INFO:colcon.colcon_core.package_discovery:Crawling recursively for packages in '/home/ubuntu/ros2_ws'
[1.357s] Level 1:colcon.colcon_core.package_identification:_identify(.) by extensions ['ignore', 'ignore_ament_install']
[1.358s] Level 1:colcon.colcon_core.package_identification:_identify(.) by extension 'ignore'
[1.358s] Level 1:colcon.colcon_core.package_identification:_identify(.) by extension 'ignore_ament_install'
[1.358s] Level 1:colcon.colcon_core.package_identification:_identify(.) by extensions ['colcon_pkg']
[1.359s] Level 1:colcon.colcon_core.package_identification:_identify(.) by extension 'colcon_pkg'
[1.359s] Level 1:colcon.colcon_core.package_identification:_identify(.) by extensions ['colcon_meta']
[1.359s] Level 1:colcon.colcon_core.package_identification:_identify(.) by extension 'colcon_meta'
[1.359s] Level 1:colcon.colcon_core.package_identification:_identify(.) by extensions ['ros']
[1.359s] Level 1:colcon.colcon_core.package_identification:_identify(.) by extension 'ros'
[1.404s] Level 1:colcon.colcon_core.package_identification:_identify(.) by extensions ['cmake', 'python']
[1.404s] Level 1:colcon.colcon_core.package_identification:_identify(.) by extension 'cmake'
[1.404s] Level 1:colcon.colcon_core.package_identification:_identify(.) by extension 'python'
[1.405s] Level 1:colcon.colcon_core.package_identification:_identify(.) by extensions ['python_setup_py']
[1.405s] Level 1:colcon.colcon_core.package_identification:_identify(.) by extension 'python_setup_py'
[1.405s] Level 1:colcon.colcon_core.package_identification:_identify(build) by extensions ['ignore', 'ignore_ament_install']
[1.406s] Level 1:colcon.colcon_core.package_identification:_identify(build) by extension 'ignore'
[1.406s] Level 1:colcon.colcon_core.package_identification:_identify(build) ignored
[1.407s] Level 1:colcon.colcon_core.package_identification:_identify(install) by extensions ['ignore', 'ignore_ament_install']
[1.407s] Level 1:colcon.colcon_core.package_identification:_identify(install) by extension 'ignore'
[1.407s] Level 1:colcon.colcon_core.package_identification:_identify(install) ignored
[1.408s] Level 1:colcon.colcon_core.package_identification:_identify(log) by extensions ['ignore', 'ignore_ament_install']
[1.408s] Level 1:colcon.colcon_core.package_identification:_identify(log) by extension 'ignore'
[1.409s] Level 1:colcon.colcon_core.package_identification:_identify(log) ignored
[1.409s] Level 1:colcon.colcon_core.package_identification:_identify(src) by extensions ['ignore', 'ignore_ament_install']
[1.409s] Level 1:colcon.colcon_core.package_identification:_identify(src) by extension 'ignore'
[1.410s] Level 1:colcon.colcon_core.package_identification:_identify(src) by extension 'ignore_ament_install'
[1.410s] Level 1:colcon.colcon_core.package_identification:_identify(src) by extensions ['colcon_pkg']
[1.410s] Level 1:colcon.colcon_core.package_identification:_identify(src) by extension 'colcon_pkg'
[1.410s] Level 1:colcon.colcon_core.package_identification:_identify(src) by extensions ['colcon_meta']
[1.410s] Level 1:colcon.colcon_core.package_identification:_identify(src) by extension 'colcon_meta'
[1.411s] Level 1:colcon.colcon_core.package_identification:_identify(src) by extensions ['ros']
[1.411s] Level 1:colcon.colcon_core.package_identification:_identify(src) by extension 'ros'
[1.411s] Level 1:colcon.colcon_core.package_identification:_identify(src) by extensions ['cmake', 'python']
[1.411s] Level 1:colcon.colcon_core.package_identification:_identify(src) by extension 'cmake'
[1.411s] Level 1:colcon.colcon_core.package_identification:_identify(src) by extension 'python'
[1.412s] Level 1:colcon.colcon_core.package_identification:_identify(src) by extensions ['python_setup_py']
[1.412s] Level 1:colcon.colcon_core.package_identification:_identify(src) by extension 'python_setup_py'
[1.412s] Level 1:colcon.colcon_core.package_identification:_identify(src/dynamixel_velocity_controller) by extensions ['ignore', 'ignore_ament_install']
[1.413s] Level 1:colcon.colcon_core.package_identification:_identify(src/dynamixel_velocity_controller) by extension 'ignore'
[1.413s] Level 1:colcon.colcon_core.package_identification:_identify(src/dynamixel_velocity_controller) by extension 'ignore_ament_install'
[1.413s] Level 1:colcon.colcon_core.package_identification:_identify(src/dynamixel_velocity_controller) by extensions ['colcon_pkg']
[1.413s] Level 1:colcon.colcon_core.package_identification:_identify(src/dynamixel_velocity_controller) by extension 'colcon_pkg'
[1.414s] Level 1:colcon.colcon_core.package_identification:_identify(src/dynamixel_velocity_controller) by extensions ['colcon_meta']
[1.414s] Level 1:colcon.colcon_core.package_identification:_identify(src/dynamixel_velocity_controller) by extension 'colcon_meta'
[1.414s] Level 1:colcon.colcon_core.package_identification:_identify(src/dynamixel_velocity_controller) by extensions ['ros']
[1.414s] Level 1:colcon.colcon_core.package_identification:_identify(src/dynamixel_velocity_controller) by extension 'ros'
[1.423s] DEBUG:colcon.colcon_core.package_identification:Package 'src/dynamixel_velocity_controller' with type 'ros.ament_python' and name 'dynamixel_velocity_controller'
[1.423s] Level 1:colcon.colcon_core.package_discovery:discover_packages(recursive) using defaults
[1.424s] Level 1:colcon.colcon_core.package_discovery:discover_packages(ignore) discover
[1.424s] Level 1:colcon.colcon_core.package_discovery:discover_packages(ignore) using defaults
[1.424s] Level 1:colcon.colcon_core.package_discovery:discover_packages(path) discover
[1.424s] Level 1:colcon.colcon_core.package_discovery:discover_packages(path) using defaults
[1.547s] Level 1:colcon.colcon_core.package_discovery:discover_packages(prefix_path) check parameters
[1.548s] Level 1:colcon.colcon_core.package_discovery:discover_packages(prefix_path) discover
[1.560s] DEBUG:colcon.colcon_installed_package_information.package_discovery:Found 1 installed packages in /home/ubuntu/ros2_ws/install
[1.564s] DEBUG:colcon.colcon_installed_package_information.package_discovery:Found 3 installed packages in /home/ubuntu/robotics_ws/install
[1.568s] DEBUG:colcon.colcon_installed_package_information.package_discovery:Found 7 installed packages in /home/ubuntu/turtlebot3_ws/install
[1.577s] DEBUG:colcon.colcon_installed_package_information.package_discovery:Found 274 installed packages in /opt/ros/humble
[1.584s] Level 1:colcon.colcon_core.package_discovery:discover_packages(prefix_path) using defaults
[1.752s] Level 5:colcon.colcon_core.verb:set package 'dynamixel_velocity_controller' build argument 'cmake_args' from command line to 'None'
[1.753s] Level 5:colcon.colcon_core.verb:set package 'dynamixel_velocity_controller' build argument 'cmake_target' from command line to 'None'
[1.753s] Level 5:colcon.colcon_core.verb:set package 'dynamixel_velocity_controller' build argument 'cmake_target_skip_unavailable' from command line to 'False'
[1.753s] Level 5:colcon.colcon_core.verb:set package 'dynamixel_velocity_controller' build argument 'cmake_clean_cache' from command line to 'False'
[1.753s] Level 5:colcon.colcon_core.verb:set package 'dynamixel_velocity_controller' build argument 'cmake_clean_first' from command line to 'False'
[1.753s] Level 5:colcon.colcon_core.verb:set package 'dynamixel_velocity_controller' build argument 'cmake_force_configure' from command line to 'False'
[1.753s] Level 5:colcon.colcon_core.verb:set package 'dynamixel_velocity_controller' build argument 'ament_cmake_args' from command line to 'None'
[1.753s] Level 5:colcon.colcon_core.verb:set package 'dynamixel_velocity_controller' build argument 'catkin_cmake_args' from command line to 'None'
[1.753s] Level 5:colcon.colcon_core.verb:set package 'dynamixel_velocity_controller' build argument 'catkin_skip_building_tests' from command line to 'False'
[1.754s] DEBUG:colcon.colcon_core.verb:Building package 'dynamixel_velocity_controller' with the following arguments: {'ament_cmake_args': None, 'build_base': '/home/ubuntu/ros2_ws/build/dynamixel_velocity_controller', 'catkin_cmake_args': None, 'catkin_skip_building_tests': False, 'cmake_args': None, 'cmake_clean_cache': False, 'cmake_clean_first': False, 'cmake_force_configure': False, 'cmake_target': None, 'cmake_target_skip_unavailable': False, 'install_base': '/home/ubuntu/ros2_ws/install/dynamixel_velocity_controller', 'merge_install': False, 'path': '/home/ubuntu/ros2_ws/src/dynamixel_velocity_controller', 'symlink_install': False, 'test_result_base': None}
[1.754s] INFO:colcon.colcon_core.executor:Executing jobs using 'parallel' executor
[1.758s] DEBUG:colcon.colcon_parallel_executor.executor.parallel:run_until_complete
[1.759s] INFO:colcon.colcon_ros.task.ament_python.build:Building ROS package in '/home/ubuntu/ros2_ws/src/dynamixel_velocity_controller' with build type 'ament_python'
[1.760s] Level 1:colcon.colcon_core.shell:create_environment_hook('dynamixel_velocity_controller', 'ament_prefix_path')
[1.770s] INFO:colcon.colcon_core.plugin_system:Skipping extension 'colcon_core.shell.bat': Not used on non-Windows systems
[1.771s] INFO:colcon.colcon_core.shell:Creating environment hook '/home/ubuntu/ros2_ws/install/dynamixel_velocity_controller/share/dynamixel_velocity_controller/hook/ament_prefix_path.ps1'
[1.775s] INFO:colcon.colcon_core.shell:Creating environment descriptor '/home/ubuntu/ros2_ws/install/dynamixel_velocity_controller/share/dynamixel_velocity_controller/hook/ament_prefix_path.dsv'
[1.777s] INFO:colcon.colcon_core.shell:Creating environment hook '/home/ubuntu/ros2_ws/install/dynamixel_velocity_controller/share/dynamixel_velocity_controller/hook/ament_prefix_path.sh'
[1.782s] INFO:colcon.colcon_core.shell:Skip shell extension 'powershell' for command environment: Not usable outside of PowerShell
[1.783s] DEBUG:colcon.colcon_core.shell:Skip shell extension 'dsv' for command environment
[3.080s] INFO:colcon.colcon_core.task.python.build:Building Python package in '/home/ubuntu/ros2_ws/src/dynamixel_velocity_controller'
[3.081s] INFO:colcon.colcon_core.shell:Skip shell extension 'powershell' for command environment: Not usable outside of PowerShell
[3.082s] DEBUG:colcon.colcon_core.shell:Skip shell extension 'dsv' for command environment
[4.849s] DEBUG:colcon.colcon_core.event_handler.log_command:Invoking command in '/home/ubuntu/ros2_ws/src/dynamixel_velocity_controller': PYTHONPATH=/home/ubuntu/ros2_ws/build/dynamixel_velocity_controller/prefix_override:/usr/lib/python3/dist-packages/colcon_core/task/python/colcon_distutils_commands:/home/ubuntu/ros2_ws/install/dynamixel_velocity_controller/lib/python3.10/site-packages:${PYTHONPATH} /usr/bin/python3 -W ignore:setup.py install is deprecated -W ignore:easy_install command is deprecated setup.py egg_info --egg-base ../../build/dynamixel_velocity_controller build --build-base /home/ubuntu/ros2_ws/build/dynamixel_velocity_controller/build install --record /home/ubuntu/ros2_ws/build/dynamixel_velocity_controller/install.log --single-version-externally-managed install_data
[6.342s] DEBUG:colcon.colcon_core.event_handler.log_command:Invoked command in '/home/ubuntu/ros2_ws/src/dynamixel_velocity_controller' returned '0': PYTHONPATH=/home/ubuntu/ros2_ws/build/dynamixel_velocity_controller/prefix_override:/usr/lib/python3/dist-packages/colcon_core/task/python/colcon_distutils_commands:/home/ubuntu/ros2_ws/install/dynamixel_velocity_controller/lib/python3.10/site-packages:${PYTHONPATH} /usr/bin/python3 -W ignore:setup.py install is deprecated -W ignore:easy_install command is deprecated setup.py egg_info --egg-base ../../build/dynamixel_velocity_controller build --build-base /home/ubuntu/ros2_ws/build/dynamixel_velocity_controller/build install --record /home/ubuntu/ros2_ws/build/dynamixel_velocity_controller/install.log --single-version-externally-managed install_data
[6.354s] Level 1:colcon.colcon_core.environment:checking '/home/ubuntu/ros2_ws/install/dynamixel_velocity_controller' for CMake module files
[6.357s] Level 1:colcon.colcon_core.environment:checking '/home/ubuntu/ros2_ws/install/dynamixel_velocity_controller' for CMake config files
[6.363s] Level 1:colcon.colcon_core.environment:checking '/home/ubuntu/ros2_ws/install/dynamixel_velocity_controller/lib'
[6.365s] Level 1:colcon.colcon_core.environment:checking '/home/ubuntu/ros2_ws/install/dynamixel_velocity_controller/bin'
[6.366s] Level 1:colcon.colcon_core.environment:checking '/home/ubuntu/ros2_ws/install/dynamixel_velocity_controller/lib/pkgconfig/dynamixel_velocity_controller.pc'
[6.367s] Level 1:colcon.colcon_core.environment:checking '/home/ubuntu/ros2_ws/install/dynamixel_velocity_controller/lib/python3.10/site-packages'
[6.367s] Level 1:colcon.colcon_core.shell:create_environment_hook('dynamixel_velocity_controller', 'pythonpath')
[6.369s] INFO:colcon.colcon_core.shell:Creating environment hook '/home/ubuntu/ros2_ws/install/dynamixel_velocity_controller/share/dynamixel_velocity_controller/hook/pythonpath.ps1'
[6.372s] INFO:colcon.colcon_core.shell:Creating environment descriptor '/home/ubuntu/ros2_ws/install/dynamixel_velocity_controller/share/dynamixel_velocity_controller/hook/pythonpath.dsv'
[6.374s] INFO:colcon.colcon_core.shell:Creating environment hook '/home/ubuntu/ros2_ws/install/dynamixel_velocity_controller/share/dynamixel_velocity_controller/hook/pythonpath.sh'
[6.378s] Level 1:colcon.colcon_core.environment:checking '/home/ubuntu/ros2_ws/install/dynamixel_velocity_controller/bin'
[6.378s] Level 1:colcon.colcon_core.environment:create_environment_scripts_only(dynamixel_velocity_controller)
[6.380s] INFO:colcon.colcon_core.shell:Creating package script '/home/ubuntu/ros2_ws/install/dynamixel_velocity_controller/share/dynamixel_velocity_controller/package.ps1'
[6.384s] INFO:colcon.colcon_core.shell:Creating package descriptor '/home/ubuntu/ros2_ws/install/dynamixel_velocity_controller/share/dynamixel_velocity_controller/package.dsv'
[6.388s] INFO:colcon.colcon_core.shell:Creating package script '/home/ubuntu/ros2_ws/install/dynamixel_velocity_controller/share/dynamixel_velocity_controller/package.sh'
[6.394s] INFO:colcon.colcon_core.shell:Creating package script '/home/ubuntu/ros2_ws/install/dynamixel_velocity_controller/share/dynamixel_velocity_controller/package.bash'
[6.399s] INFO:colcon.colcon_core.shell:Creating package script '/home/ubuntu/ros2_ws/install/dynamixel_velocity_controller/share/dynamixel_velocity_controller/package.zsh'
[6.404s] Level 1:colcon.colcon_core.environment:create_file_with_runtime_dependencies(/home/ubuntu/ros2_ws/install/dynamixel_velocity_controller/share/colcon-core/packages/dynamixel_velocity_controller)
[6.406s] DEBUG:colcon.colcon_parallel_executor.executor.parallel:closing loop
[6.408s] DEBUG:colcon.colcon_parallel_executor.executor.parallel:loop closed
[6.410s] DEBUG:colcon.colcon_parallel_executor.executor.parallel:run_until_complete finished with '0'
[6.410s] DEBUG:colcon.colcon_core.event_reactor:joining thread
[6.436s] INFO:colcon.colcon_core.plugin_system:Skipping extension 'colcon_notification.desktop_notification.notify_send': Could not find 'notify-send'
[6.436s] INFO:colcon.colcon_core.plugin_system:Skipping extension 'colcon_notification.desktop_notification.terminal_notifier': Not used on non-Darwin systems
[6.437s] INFO:colcon.colcon_core.plugin_system:Skipping extension 'colcon_notification.desktop_notification.win32': Not used on non-Windows systems
[6.437s] INFO:colcon.colcon_notification.desktop_notification:Sending desktop notification using 'notify2'
[6.441s] DEBUG:colcon.colcon_notification.desktop_notification.notify2:Failed to initialize notify2: org.freedesktop.DBus.Error.ServiceUnknown: The name org.freedesktop.Notifications was not provided by any .service files
[6.441s] DEBUG:colcon.colcon_core.event_reactor:joined thread
[6.442s] INFO:colcon.colcon_core.shell:Creating prefix script '/home/ubuntu/ros2_ws/install/local_setup.ps1'
[6.447s] INFO:colcon.colcon_core.shell:Creating prefix util module '/home/ubuntu/ros2_ws/install/_local_setup_util_ps1.py'
[6.452s] INFO:colcon.colcon_core.shell:Creating prefix chain script '/home/ubuntu/ros2_ws/install/setup.ps1'
[6.461s] INFO:colcon.colcon_core.shell:Creating prefix script '/home/ubuntu/ros2_ws/install/local_setup.sh'
[6.464s] INFO:colcon.colcon_core.shell:Creating prefix util module '/home/ubuntu/ros2_ws/install/_local_setup_util_sh.py'
[6.467s] INFO:colcon.colcon_core.shell:Creating prefix chain script '/home/ubuntu/ros2_ws/install/setup.sh'
[6.475s] INFO:colcon.colcon_core.shell:Creating prefix script '/home/ubuntu/ros2_ws/install/local_setup.bash'
[6.478s] INFO:colcon.colcon_core.shell:Creating prefix chain script '/home/ubuntu/ros2_ws/install/setup.bash'
[6.486s] INFO:colcon.colcon_core.shell:Creating prefix script '/home/ubuntu/ros2_ws/install/local_setup.zsh'
[6.488s] INFO:colcon.colcon_core.shell:Creating prefix chain script '/home/ubuntu/ros2_ws/install/setup.zsh'
